
ROM used:   1692/32768 (5%)
            1692/32768 (5%) including unused fragments

            1.2 Average locations per line
            8.9 Average locations per statement

RAM used:   49/1536 (3%) at main() level
            62/1536 (4%) worst case

Stack used: 2 worst case (1 in main + 1 for interrupts)
Stack size: 31

Lines Stmts  %   Files
----- ----- ---  -----
  103    65  34  electro.c
   11     0   0  electro.h
  782     0   0  ..\..\..\..\..\..\..\..\..\Program Files (x86)\PICC\Devices\18F458.h
   37     0   0  ..\..\..\..\..\..\..\..\..\Program Files (x86)\PICC\Drivers\stdio.h
  423   125  66  ..\..\..\..\..\..\..\..\..\Program Files (x86)\PICC\Drivers\string.h
   32     0   0  ..\..\..\..\..\..\..\..\..\Program Files (x86)\PICC\Drivers\stddef.h
   28     0   0  ..\..\..\..\..\..\..\..\..\Program Files (x86)\PICC\Drivers\ctype.h
----- -----
 1416   190 Total

Page ROM  %  RAM    Vol Diff  Functions:
---- --- --- ---    --- ----  ----------
0     38   1    1             @delay_ms1
0     24   1    0    194  4.5  @GETCH_BIU_1
0     64   2    4    187  4.4  RDA_isr
0    660  20    2   2144  8.7  MAIN
0     56   2    2   1895  9.2  @ITOF
0    244   7   11             @MULFF
0     58   2    4             @SFTOI
0     18   1    0             @const761
0     34   1    3             @PSTRINGCN_9600_31766_31767
0    230   7    9             @PRINTF_LD_9600_31766_31767
0     66   2    5   1092  8.0  @DIV1616
0     30   1    5             @MUL1616
 Inline         0             @cinit1

Program metrics:
    Functions               5
    Statements              190
    Comments                325
    Volume (V)              7119
    Difficulty (D)          34.6
    Effort to implement (E) 246085
    Time to implement (T)   3 hours, 48 minutes
    Est Delivered Bugs (B)  1
    Cyclomatic Complexity   12
    Maintainability (MI)    70

 Segment     Used  Free
-----------  ----  ----
00000-00002     4  0  
00004-00006     0  4  
00008-000AC   166  0  
000AE-07FFE  1522  31072  



